<?xml version="1.0" encoding="UTF-8"?>
<!-- Generated by org.testng.reporters.JUnitReportReporter -->
<testsuite hostname="Rikki" failures="0" tests="5" name="testNG.Disable" time="0.038" errors="0" timestamp="17 Mar 2024 12:54:11 GMT" skipped="1">
  <testcase classname="testNG.Disable" name="login" time="0.031"/>
  <testcase classname="testNG.Disable" name="searchProduct" time="0.003"/>
  <testcase classname="testNG.Disable" name="addToCart" time="0.002"/>
  <testcase classname="testNG.Disable" name="logout" time="0.002"/>
  <testcase classname="testNG.Disable" name="payment">
    <skipped/>
  </testcase> <!-- payment -->
</testsuite> <!-- testNG.Disable -->
