<?xml version="1.0" encoding="UTF-8"?>
<!-- Generated by org.testng.reporters.JUnitReportReporter -->
<testsuite hostname="Rikki" failures="0" tests="9" name="testNG.RunMultipleTimes" time="0.060" errors="0" timestamp="17 Mar 2024 12:48:45 GMT" skipped="0">
  <testcase classname="testNG.RunMultipleTimes" name="login" time="0.041"/>
  <testcase classname="testNG.RunMultipleTimes" name="searchProduct" time="0.003"/>
  <testcase classname="testNG.RunMultipleTimes" name="addToCart" time="0.002"/>
  <testcase classname="testNG.RunMultipleTimes" name="addToCart" time="0.003"/>
  <testcase classname="testNG.RunMultipleTimes" name="addToCart" time="0.001"/>
  <testcase classname="testNG.RunMultipleTimes" name="addToCart" time="0.002"/>
  <testcase classname="testNG.RunMultipleTimes" name="addToCart" time="0.003"/>
  <testcase classname="testNG.RunMultipleTimes" name="payment" time="0.003"/>
  <testcase classname="testNG.RunMultipleTimes" name="logout" time="0.002"/>
</testsuite> <!-- testNG.RunMultipleTimes -->
