<?xml version="1.0" encoding="UTF-8"?>
<!-- Generated by org.testng.reporters.JUnitReportReporter -->
<testsuite hostname="Rikki" failures="0" tests="4" name="testNG.Test1" time="0.014" errors="0" timestamp="12 Mar 2024 17:17:45 GMT" skipped="0">
  <testcase classname="testNG.Test1" name="pyspiders" time="0.001"/>
  <testcase classname="testNG.Test1" name="jspiders" time="0.001"/>
  <testcase classname="testNG.Test1" name="demo" time="0.011"/>
  <testcase classname="testNG.Test1" name="qspiders" time="0.001"/>
</testsuite> <!-- testNG.Test1 -->
