<?xml version="1.0" encoding="UTF-8"?>
<!-- Generated by org.testng.reporters.JUnitReportReporter -->
<testsuite hostname="Rikki" failures="0" tests="5" name="testNG.Group" time="0.049" errors="0" timestamp="17 Mar 2024 12:52:23 GMT" skipped="0">
  <testcase classname="testNG.Group" name="login" time="0.039"/>
  <testcase classname="testNG.Group" name="searchProduct" time="0.003"/>
  <testcase classname="testNG.Group" name="addToCart" time="0.002"/>
  <testcase classname="testNG.Group" name="payment" time="0.003"/>
  <testcase classname="testNG.Group" name="logout" time="0.002"/>
</testsuite> <!-- testNG.Group -->
