<?xml version="1.0" encoding="UTF-8"?>
<!-- Generated by org.testng.reporters.JUnitReportReporter -->
<testsuite hostname="Rikki" failures="0" tests="5" name="testNG.Priority" time="0.045" errors="0" timestamp="15 Mar 2024 04:55:29 GMT" skipped="0">
  <testcase classname="testNG.Priority" name="login" time="0.034"/>
  <testcase classname="testNG.Priority" name="searchProduct" time="0.003"/>
  <testcase classname="testNG.Priority" name="addToCart" time="0.004"/>
  <testcase classname="testNG.Priority" name="payment" time="0.002"/>
  <testcase classname="testNG.Priority" name="logout" time="0.002"/>
</testsuite> <!-- testNG.Priority -->
